date: 2014-03-08 10:04:08.650
argv: node /usr/local/bin/hexo s
os: Linux 3.2.0-35-generic-pae linux ia32
version:
  hexo: 2.4.5
  http_parser: 1.0
  node: 0.10.26
  v8: 3.14.5.9
  ares: 1.9.0-DEV
  uv: 0.10.25
  zlib: 1.2.3
  modules: 11
  openssl: 1.0.1e
---

[debug] 10:04:08.488 Configuration file load successfully
[debug] 10:04:08.490 Version info checked successfully
[debug] 10:04:08.531 Loading database.
[debug] 10:04:08.568 Script load successfully: fancybox.js
[debug] 10:04:08.584 Theme layout loaded
[debug] 10:04:08.588 Theme configuration loaded
[debug] 10:04:08.607 Theme source loaded
[debug] 10:04:08.626 Processed: _posts/hello-world.md
[debug] 10:04:08.631 Cache saved
[error] 10:04:08.644 Error: listen EADDRINUSE
Error: listen EADDRINUSE
    at errnoException (net.js:904:11)
    at Server._listen2 (net.js:1042:14)
    at listen (net.js:1064:10)
    at Server.listen (net.js:1138:5)
    at Function.app.listen (/usr/local/lib/node_modules/hexo/node_modules/express/lib/application.js:533:24)
    at /usr/local/lib/node_modules/hexo/lib/plugins/console/server.js:86:9
    at /usr/local/lib/node_modules/hexo/lib/post/load.js:67:7
    at /usr/local/lib/node_modules/hexo/node_modules/async/lib/async.js:116:25
    at /usr/local/lib/node_modules/hexo/node_modules/async/lib/async.js:24:16
    at exports.post (/usr/local/lib/node_modules/hexo/lib/plugins/generator/asset.js:50:3)
